
******************************************************************************
This program contains Ipopt, a library for large-scale nonlinear optimization.
 Ipopt is released as open source code under the Eclipse Public License (EPL).
         For more information visit http://projects.coin-or.org/Ipopt
******************************************************************************

This is Ipopt version 3.12.13, running with linear solver mumps.
NOTE: Other linear solvers might be more efficient (see Ipopt documentation).

Number of nonzeros in equality constraint Jacobian...:     2592
Number of nonzeros in inequality constraint Jacobian.:     4608
Number of nonzeros in Lagrangian Hessian.............:     5886

Total number of variables............................:     1617
                     variables with only lower bounds:        0
                variables with lower and upper bounds:      969
                     variables with only upper bounds:        0
Total number of equality constraints.................:      432
Total number of inequality constraints...............:     1080
        inequality constraints with only lower bounds:        0
   inequality constraints with lower and upper bounds:        0
        inequality constraints with only upper bounds:     1080

iter    objective    inf_pr   inf_du lg(mu)  ||d||  lg(rg) alpha_du alpha_pr  ls
   0  1.9695793e-07 1.93e-03 1.09e+00   0.0 0.00e+00    -  0.00e+00 0.00e+00   0
   1  2.0889678e-07 3.81e-04 1.18e-01  -2.7 5.33e-01  -4.0 8.91e-01 1.00e+00h  1
   2  1.9670967e-07 3.93e-05 2.33e-02  -5.8 7.75e-02  -3.6 9.66e-01 1.00e+00h  1
   3  1.9667884e-07 1.10e-09 4.12e-04 -11.0 3.91e-04  -4.1 9.89e-01 1.00e+00h  1
   4  1.9530944e-07 3.33e-16 3.41e-07 -11.0 1.11e-03  -4.5 9.99e-01 1.00e+00h  1
   5  1.8764935e-07 2.89e-14 6.19e-08 -11.0 6.27e-03  -5.0 9.98e-01 1.00e+00h  1
   6  1.6677127e-07 3.03e-13 5.85e-08 -11.0 1.78e-02  -5.5 1.00e+00 1.00e+00h  1
   7  1.1931667e-07 2.67e-12 4.95e-08 -11.0 4.51e-02  -6.0 1.00e+00 1.00e+00h  1
   8  4.9872077e-08 2.27e-11 3.20e-08 -11.0 8.75e-02  -6.4 1.00e+00 1.00e+00h  1
   9  7.1542049e-09 1.75e-10 1.21e-08 -11.0 9.94e-02  -6.9 1.00e+00 1.00e+00h  1
iter    objective    inf_pr   inf_du lg(mu)  ||d||  lg(rg) alpha_du alpha_pr  ls
  10  2.0407974e-10 1.13e-09 2.05e-09 -11.0 5.04e-02  -7.4 1.00e+00 1.00e+00h  1

Number of Iterations....: 10

                                   (scaled)                 (unscaled)
Objective...............:   2.0407974334215855e-10    2.0407974334215855e-10
Dual infeasibility......:   2.0476346423501234e-09    2.0476346423501234e-09
Constraint violation....:   1.1345824280084571e-09    1.1345824280084571e-09
Complementarity.........:   1.0000000000000001e-11    1.0000000000000001e-11
Overall NLP error.......:   2.0476346423501234e-09    2.0476346423501234e-09


Number of objective function evaluations             = 11
Number of objective gradient evaluations             = 11
Number of equality constraint evaluations            = 11
Number of inequality constraint evaluations          = 11
Number of equality constraint Jacobian evaluations   = 11
Number of inequality constraint Jacobian evaluations = 11
Number of Lagrangian Hessian evaluations             = 10
Total CPU secs in IPOPT (w/o function evaluations)   =      0.227
Total CPU secs in NLP function evaluations           =      0.032

EXIT: Optimal Solution Found.
This is Ipopt version 3.12.13, running with linear solver mumps.
NOTE: Other linear solvers might be more efficient (see Ipopt documentation).

Number of nonzeros in equality constraint Jacobian...:     2592
Number of nonzeros in inequality constraint Jacobian.:     4608
Number of nonzeros in Lagrangian Hessian.............:     5886

Total number of variables............................:     1617
                     variables with only lower bounds:        0
                variables with lower and upper bounds:      969
                     variables with only upper bounds:        0
Total number of equality constraints.................:      432
Total number of inequality constraints...............:     1080
        inequality constraints with only lower bounds:        0
   inequality constraints with lower and upper bounds:        0
        inequality constraints with only upper bounds:     1080

iter    objective    inf_pr   inf_du lg(mu)  ||d||  lg(rg) alpha_du alpha_pr  ls
   0  2.6563300e+00 1.13e-09 4.60e+02   0.0 0.00e+00    -  0.00e+00 0.00e+00   0
   1  8.4828810e-06 2.52e-08 3.78e-02  -4.8 9.06e-03   0.0 9.64e-01 1.00e+00f  1
   2  2.5769281e-10 8.00e-11 4.68e-03 -11.0 1.01e-04  -0.5 9.90e-01 1.00e+00h  1
   3  2.0407792e-10 5.55e-16 2.24e-05 -11.0 1.59e-07  -1.0 9.95e-01 1.00e+00h  1
   4  2.0407571e-10 2.22e-16 2.05e-09 -11.0 5.53e-08  -1.4 1.00e+00 1.00e+00h  1

Number of Iterations....: 4

                                   (scaled)                 (unscaled)
Objective...............:   2.0407570757231618e-10    2.0407570757231618e-10
Dual infeasibility......:   2.0475515601054498e-09    2.0475515601054498e-09
Constraint violation....:   2.2204460492503131e-16    2.2204460492503131e-16
Complementarity.........:   3.9044001667421683e-10    3.9044001667421683e-10
Overall NLP error.......:   2.0475515601054498e-09    2.0475515601054498e-09


Number of objective function evaluations             = 5
Number of objective gradient evaluations             = 5
Number of equality constraint evaluations            = 5
Number of inequality constraint evaluations          = 5
Number of equality constraint Jacobian evaluations   = 5
Number of inequality constraint Jacobian evaluations = 5
Number of Lagrangian Hessian evaluations             = 4
Total CPU secs in IPOPT (w/o function evaluations)   =      0.106
Total CPU secs in NLP function evaluations           =      0.018

EXIT: Optimal Solution Found.
This is Ipopt version 3.12.13, running with linear solver mumps.
NOTE: Other linear solvers might be more efficient (see Ipopt documentation).

Number of nonzeros in equality constraint Jacobian...:     2592
Number of nonzeros in inequality constraint Jacobian.:     4608
Number of nonzeros in Lagrangian Hessian.............:     5886

Total number of variables............................:     1617
                     variables with only lower bounds:        0
                variables with lower and upper bounds:      969
                     variables with only upper bounds:        0
Total number of equality constraints.................:      432
Total number of inequality constraints...............:     1080
        inequality constraints with only lower bounds:        0
   inequality constraints with lower and upper bounds:        0
        inequality constraints with only upper bounds:     1080

iter    objective    inf_pr   inf_du lg(mu)  ||d||  lg(rg) alpha_du alpha_pr  ls
   0  4.0607147e+00 1.13e-09 4.60e+02   0.0 0.00e+00    -  0.00e+00 0.00e+00   0
   1  2.2014193e-05 6.77e-09 3.78e-02  -4.8 9.30e-03   0.0 9.64e-01 1.00e+00f  1
   2  4.0111355e-10 8.94e-15 4.69e-03 -11.0 1.36e-04  -0.5 9.90e-01 1.00e+00h  1
   3  2.0407795e-10 2.22e-16 2.25e-05 -11.0 2.76e-07  -1.0 9.95e-01 1.00e+00h  1
   4  2.1156993e-10 1.81e-11 4.06e-05  -6.0 1.10e-03  -1.4 1.00e+00 1.00e+00f  1
   5  2.1047124e-10 1.43e-10 3.72e-05  -6.0 3.01e-03  -1.9 1.00e+00 1.00e+00h  1
   6  2.0880033e-10 1.03e-09 3.19e-05  -6.0 7.75e-03  -2.4 1.00e+00 1.00e+00h  1
   7  2.0651548e-10 8.38e-09 2.35e-05  -6.0 1.71e-02  -2.9 1.00e+00 1.00e+00h  1
   8  2.0458652e-10 4.95e-08 1.51e-05  -6.0 3.30e-02  -3.3 1.00e+00 1.00e+00h  1
   9  2.0294988e-10 1.74e-11 8.60e-07 -11.0 4.61e-04  -3.8 9.96e-01 1.00e+00h  1
iter    objective    inf_pr   inf_du lg(mu)  ||d||  lg(rg) alpha_du alpha_pr  ls
  10  2.0136141e-10 2.78e-16 2.03e-09 -11.0 4.00e-05  -4.3 1.00e+00 1.00e+00h  1

Number of Iterations....: 10

                                   (scaled)                 (unscaled)
Objective...............:   2.0136141322817992e-10    2.0136141322817992e-10
Dual infeasibility......:   2.0339168759118001e-09    2.0339168759118001e-09
Constraint violation....:   2.7755575615628914e-16    2.7755575615628914e-16
Complementarity.........:   1.0224044569224697e-11    1.0224044569224697e-11
Overall NLP error.......:   2.0339168759118001e-09    2.0339168759118001e-09


Number of objective function evaluations             = 11
Number of objective gradient evaluations             = 11
Number of equality constraint evaluations            = 11
Number of inequality constraint evaluations          = 11
Number of equality constraint Jacobian evaluations   = 11
Number of inequality constraint Jacobian evaluations = 11
Number of Lagrangian Hessian evaluations             = 10
Total CPU secs in IPOPT (w/o function evaluations)   =      0.135
Total CPU secs in NLP function evaluations           =      0.035

EXIT: Optimal Solution Found.
This is Ipopt version 3.12.13, running with linear solver mumps.
NOTE: Other linear solvers might be more efficient (see Ipopt documentation).

Number of nonzeros in equality constraint Jacobian...:     2592
Number of nonzeros in inequality constraint Jacobian.:     4608
Number of nonzeros in Lagrangian Hessian.............:     5886

Total number of variables............................:     1617
                     variables with only lower bounds:        0
                variables with lower and upper bounds:      969
                     variables with only upper bounds:        0
Total number of equality constraints.................:      432
Total number of inequality constraints...............:     1080
        inequality constraints with only lower bounds:        0
   inequality constraints with lower and upper bounds:        0
        inequality constraints with only upper bounds:     1080

iter    objective    inf_pr   inf_du lg(mu)  ||d||  lg(rg) alpha_du alpha_pr  ls
   0  1.1389733e+01 1.13e-09 7.64e+02   0.0 0.00e+00    -  0.00e+00 0.00e+00   0
   1  3.1999716e-05 6.77e-09 3.78e-02  -4.8 1.50e-02   0.0 9.64e-01 1.00e+00f  1
   2  4.1193628e-10 8.97e-15 4.69e-03 -11.0 1.36e-04  -0.5 9.90e-01 1.00e+00h  1
   3  2.0407795e-10 2.22e-16 2.25e-05 -11.0 2.76e-07  -1.0 9.95e-01 1.00e+00h  1
   4  2.1349827e-10 1.79e-11 4.04e-05  -6.0 1.09e-03  -1.4 1.00e+00 1.00e+00f  1
   5  2.1209722e-10 1.42e-10 3.71e-05  -6.0 3.00e-03  -1.9 1.00e+00 1.00e+00h  1
   6  2.0999024e-10 1.02e-09 3.18e-05  -6.0 7.73e-03  -2.4 1.00e+00 1.00e+00h  1
   7  2.0715919e-10 8.32e-09 2.34e-05  -6.0 1.71e-02  -2.9 1.00e+00 1.00e+00h  1
   8  2.0485919e-10 4.92e-08 1.51e-05  -6.0 3.30e-02  -3.3 1.00e+00 1.00e+00h  1
   9  2.0295111e-10 1.73e-11 8.55e-07 -11.0 4.59e-04  -3.8 9.96e-01 1.00e+00h  1
iter    objective    inf_pr   inf_du lg(mu)  ||d||  lg(rg) alpha_du alpha_pr  ls
  10  2.0136263e-10 3.33e-16 2.03e-09 -11.0 4.00e-05  -4.3 1.00e+00 1.00e+00h  1

Number of Iterations....: 10

                                   (scaled)                 (unscaled)
Objective...............:   2.0136263017739534e-10    2.0136263017739534e-10
Dual infeasibility......:   2.0339232223617274e-09    2.0339232223617274e-09
Constraint violation....:   3.3306690738754696e-16    3.3306690738754696e-16
Complementarity.........:   1.0222085640224892e-11    1.0222085640224892e-11
Overall NLP error.......:   2.0339232223617274e-09    2.0339232223617274e-09


Number of objective function evaluations             = 11
Number of objective gradient evaluations             = 11
Number of equality constraint evaluations            = 11
Number of inequality constraint evaluations          = 11
Number of equality constraint Jacobian evaluations   = 11
Number of inequality constraint Jacobian evaluations = 11
Number of Lagrangian Hessian evaluations             = 10
Total CPU secs in IPOPT (w/o function evaluations)   =      0.136
Total CPU secs in NLP function evaluations           =      0.037

EXIT: Optimal Solution Found.
This is Ipopt version 3.12.13, running with linear solver mumps.
NOTE: Other linear solvers might be more efficient (see Ipopt documentation).

Number of nonzeros in equality constraint Jacobian...:     2592
Number of nonzeros in inequality constraint Jacobian.:     4608
Number of nonzeros in Lagrangian Hessian.............:     5886

Total number of variables............................:     1617
                     variables with only lower bounds:        0
                variables with lower and upper bounds:      969
                     variables with only upper bounds:        0
Total number of equality constraints.................:      432
Total number of inequality constraints...............:     1080
        inequality constraints with only lower bounds:        0
   inequality constraints with lower and upper bounds:        0
        inequality constraints with only upper bounds:     1080

iter    objective    inf_pr   inf_du lg(mu)  ||d||  lg(rg) alpha_du alpha_pr  ls
   0  1.1397079e+01 1.13e-09 7.64e+02   0.0 0.00e+00    -  0.00e+00 0.00e+00   0
   1  7.8608001e-02 5.71e-09 6.24e+01  -4.8 1.08e-02   0.0 9.64e-01 9.18e-01f  1
   2  1.5826258e-04 3.31e-10 1.13e-02  -6.9 1.67e-03  -0.5 9.74e-01 1.00e+00f  1
   3  3.9680616e-05 1.14e-12 3.71e-03 -11.0 2.10e-04  -1.0 9.90e-01 1.00e+00h  1
   4  1.0018315e-05 2.22e-16 6.63e-04 -11.0 1.04e-04  -1.4 9.96e-01 1.00e+00f  1
   5  2.5135812e-06 2.22e-16 5.64e-05 -11.0 5.25e-05  -1.9 9.99e-01 1.00e+00f  1
   6  6.2873088e-07 2.22e-16 1.08e-07 -10.6 2.64e-05  -2.4 1.00e+00 1.00e+00h  1
   7  1.5722971e-07 2.22e-16 1.81e-08 -11.0 1.32e-05  -2.9 1.00e+00 1.00e+00h  1
   8  3.9410250e-08 2.22e-16 3.01e-09 -11.0 6.59e-06  -3.3 1.00e+00 1.00e+00h  1
   9  9.9824655e-09 2.22e-16 2.04e-09 -11.0 1.34e-05  -3.8 1.00e+00 1.00e+00h  1
iter    objective    inf_pr   inf_du lg(mu)  ||d||  lg(rg) alpha_du alpha_pr  ls
  10  2.6378015e-09 7.77e-16 2.04e-09 -11.0 4.01e-05  -4.3 1.00e+00 1.00e+00h  1

Number of Iterations....: 10

                                   (scaled)                 (unscaled)
Objective...............:   2.6378015197433625e-09    2.6378015197433625e-09
Dual infeasibility......:   2.0355933287311510e-09    2.0355933287311510e-09
Constraint violation....:   7.7715611723760958e-16    7.7715611723760958e-16
Complementarity.........:   4.5376281381638821e-09    4.5376281381638821e-09
Overall NLP error.......:   4.5376281381638821e-09    4.5376281381638821e-09


Number of objective function evaluations             = 11
Number of objective gradient evaluations             = 11
Number of equality constraint evaluations            = 11
Number of inequality constraint evaluations          = 11
Number of equality constraint Jacobian evaluations   = 11
Number of inequality constraint Jacobian evaluations = 11
Number of Lagrangian Hessian evaluations             = 10
Total CPU secs in IPOPT (w/o function evaluations)   =      0.228
Total CPU secs in NLP function evaluations           =      0.030

EXIT: Optimal Solution Found.
This is Ipopt version 3.12.13, running with linear solver mumps.
NOTE: Other linear solvers might be more efficient (see Ipopt documentation).

Number of nonzeros in equality constraint Jacobian...:     2592
Number of nonzeros in inequality constraint Jacobian.:     4608
Number of nonzeros in Lagrangian Hessian.............:     5886

Total number of variables............................:     1617
                     variables with only lower bounds:        0
                variables with lower and upper bounds:      969
                     variables with only upper bounds:        0
Total number of equality constraints.................:      432
Total number of inequality constraints...............:     1080
        inequality constraints with only lower bounds:        0
   inequality constraints with lower and upper bounds:        0
        inequality constraints with only upper bounds:     1080

iter    objective    inf_pr   inf_du lg(mu)  ||d||  lg(rg) alpha_du alpha_pr  ls
   0  1.8726097e+01 1.13e-09 7.64e+02   0.0 0.00e+00    -  0.00e+00 0.00e+00   0
   1  6.2855257e-01 4.52e-09 1.39e+02  -4.8 1.21e-02   0.0 9.64e-01 8.18e-01f  1
   2  9.2048751e-03 1.65e-09 1.61e+01  -6.0 3.47e-03  -0.5 9.61e-01 8.84e-01f  1
   3  1.2205551e-04 8.33e-12 5.16e-03 -10.9 5.99e-04  -1.0 9.88e-01 1.00e+00h  1
   4  3.0692568e-05 4.14e-15 2.52e-03 -11.0 1.82e-04  -1.4 9.95e-01 1.00e+00h  1
   5  7.7120698e-06 2.22e-16 5.89e-04 -10.8 9.15e-05  -1.9 9.97e-01 1.00e+00f  1
   6  1.9323744e-06 2.22e-16 1.89e-07 -10.1 4.59e-05  -2.4 1.00e+00 1.00e+00h  1
   7  4.8295720e-07 2.22e-16 3.16e-08 -10.7 2.30e-05  -2.9 1.00e+00 1.00e+00h  1
   8  1.2075322e-07 2.22e-16 5.26e-09 -11.0 1.15e-05  -3.3 1.00e+00 1.00e+00h  1
   9  3.0275452e-08 2.22e-16 2.04e-09 -11.0 1.34e-05  -3.8 1.00e+00 1.00e+00h  1
iter    objective    inf_pr   inf_du lg(mu)  ||d||  lg(rg) alpha_du alpha_pr  ls
  10  7.6910193e-09 7.77e-16 2.04e-09 -11.0 4.01e-05  -4.3 1.00e+00 1.00e+00h  1

Number of Iterations....: 10

                                   (scaled)                 (unscaled)
Objective...............:   7.6910192619240165e-09    7.6910192619240165e-09
Dual infeasibility......:   2.0355928918226117e-09    2.0355928918226117e-09
Constraint violation....:   7.7715611723760958e-16    7.7715611723760958e-16
Complementarity.........:   9.0986291348706889e-09    9.0986291348706889e-09
Overall NLP error.......:   9.0986291348706889e-09    9.0986291348706889e-09


Number of objective function evaluations             = 11
Number of objective gradient evaluations             = 11
Number of equality constraint evaluations            = 11
Number of inequality constraint evaluations          = 11
Number of equality constraint Jacobian evaluations   = 11
Number of inequality constraint Jacobian evaluations = 11
Number of Lagrangian Hessian evaluations             = 10
Total CPU secs in IPOPT (w/o function evaluations)   =      0.219
Total CPU secs in NLP function evaluations           =      0.026

EXIT: Optimal Solution Found.
This is Ipopt version 3.12.13, running with linear solver mumps.
NOTE: Other linear solvers might be more efficient (see Ipopt documentation).

Number of nonzeros in equality constraint Jacobian...:     2592
Number of nonzeros in inequality constraint Jacobian.:     4608
Number of nonzeros in Lagrangian Hessian.............:     5886

Total number of variables............................:     1617
                     variables with only lower bounds:        0
                variables with lower and upper bounds:      969
                     variables with only upper bounds:        0
Total number of equality constraints.................:      432
Total number of inequality constraints...............:     1080
        inequality constraints with only lower bounds:        0
   inequality constraints with lower and upper bounds:        0
        inequality constraints with only upper bounds:     1080

iter    objective    inf_pr   inf_du lg(mu)  ||d||  lg(rg) alpha_du alpha_pr  ls
   0  1.9068925e+01 1.13e-09 7.81e+02   0.0 0.00e+00    -  0.00e+00 0.00e+00   0
   1  7.5090889e-02 5.96e-09 4.80e+01  -4.8 1.05e-02   0.0 9.64e-01 9.39e-01f  1
   2  8.1104479e-04 6.48e-10 3.82e+00  -7.2 1.14e-03  -0.5 9.78e-01 9.20e-01f  1
   3  6.1527550e-05 2.39e-12 3.36e-03 -11.0 1.76e-04  -1.0 9.90e-01 1.00e+00h  1
   4  1.5489667e-05 4.16e-16 1.37e-03 -11.0 6.13e-05  -1.4 9.97e-01 1.00e+00h  1
   5  3.8842536e-06 2.22e-16 2.68e-04 -10.8 3.08e-05  -1.9 9.99e-01 1.00e+00f  1
   6  9.7185193e-07 2.22e-16 6.36e-08 -10.4 1.54e-05  -2.4 1.00e+00 1.00e+00h  1
   7  2.4278764e-07 2.22e-16 1.06e-08 -11.0 7.73e-06  -2.9 1.00e+00 1.00e+00h  1
   8  6.0691564e-08 2.22e-16 2.05e-09 -11.0 4.48e-06  -3.3 1.00e+00 1.00e+00h  1
   9  1.5251611e-08 2.22e-16 2.04e-09 -11.0 1.34e-05  -3.8 1.00e+00 1.00e+00h  1
iter    objective    inf_pr   inf_du lg(mu)  ||d||  lg(rg) alpha_du alpha_pr  ls
  10  3.9323389e-09 7.77e-16 2.04e-09 -11.0 4.01e-05  -4.3 1.00e+00 1.00e+00h  1

Number of Iterations....: 10

                                   (scaled)                 (unscaled)
Objective...............:   3.9323389296468088e-09    3.9323389296468088e-09
Dual infeasibility......:   2.0355934569421078e-09    2.0355934569421078e-09
Constraint violation....:   7.7715611723760958e-16    7.7715611723760958e-16
Complementarity.........:   3.5261941255490137e-09    3.5261941255490137e-09
Overall NLP error.......:   3.5261941255490137e-09    3.5261941255490137e-09


Number of objective function evaluations             = 11
Number of objective gradient evaluations             = 11
Number of equality constraint evaluations            = 11
Number of inequality constraint evaluations          = 11
Number of equality constraint Jacobian evaluations   = 11
Number of inequality constraint Jacobian evaluations = 11
Number of Lagrangian Hessian evaluations             = 10
Total CPU secs in IPOPT (w/o function evaluations)   =      0.224
Total CPU secs in NLP function evaluations           =      0.031

EXIT: Optimal Solution Found.
This is Ipopt version 3.12.13, running with linear solver mumps.
NOTE: Other linear solvers might be more efficient (see Ipopt documentation).

Number of nonzeros in equality constraint Jacobian...:     2592
Number of nonzeros in inequality constraint Jacobian.:     4608
Number of nonzeros in Lagrangian Hessian.............:     5886

Total number of variables............................:     1617
                     variables with only lower bounds:        0
                variables with lower and upper bounds:      969
                     variables with only upper bounds:        0
Total number of equality constraints.................:      432
Total number of inequality constraints...............:     1080
        inequality constraints with only lower bounds:        0
   inequality constraints with lower and upper bounds:        0
        inequality constraints with only upper bounds:     1080

iter    objective    inf_pr   inf_du lg(mu)  ||d||  lg(rg) alpha_du alpha_pr  ls
   0  1.9733037e+01 1.13e-09 7.81e+02   0.0 0.00e+00    -  0.00e+00 0.00e+00   0
   1  7.8981573e-02 5.93e-09 4.80e+01  -4.8 1.05e-02   0.0 9.64e-01 9.39e-01f  1
   2  1.1398796e-03 6.45e-10 3.82e+00  -7.2 1.14e-03  -0.5 9.78e-01 9.20e-01f  1
   3  1.3014602e-04 1.02e-13 3.37e-03 -11.0 2.64e-04  -1.0 9.90e-01 1.00e+00h  1
   4  3.2792798e-05 2.22e-16 1.39e-03 -11.0 1.13e-04  -1.4 9.97e-01 1.00e+00f  1
   5  8.2246288e-06 2.22e-16 2.27e-04 -10.1 5.70e-05  -1.9 9.99e-01 1.00e+00f  1
   6  2.0578083e-06 2.22e-16 1.18e-07 -10.1 2.86e-05  -2.4 1.00e+00 1.00e+00h  1
   7  5.1418461e-07 2.22e-16 1.96e-08 -10.7 1.43e-05  -2.9 1.00e+00 1.00e+00h  1
   8  1.2849136e-07 2.22e-16 3.27e-09 -11.0 7.15e-06  -3.3 1.00e+00 1.00e+00h  1
   9  3.2179424e-08 2.22e-16 2.04e-09 -11.0 1.34e-05  -3.8 1.00e+00 1.00e+00h  1
iter    objective    inf_pr   inf_du lg(mu)  ||d||  lg(rg) alpha_du alpha_pr  ls
  10  8.1557445e-09 7.77e-16 2.04e-09 -11.0 4.01e-05  -4.3 1.00e+00 1.00e+00h  1

Number of Iterations....: 10

                                   (scaled)                 (unscaled)
Objective...............:   8.1557444559046542e-09    8.1557444559046542e-09
Dual infeasibility......:   2.0355934681116785e-09    2.0355934681116785e-09
Constraint violation....:   7.7715611723760958e-16    7.7715611723760958e-16
Complementarity.........:   4.8645426304335892e-09    4.8645426304335892e-09
Overall NLP error.......:   4.8645426304335892e-09    4.8645426304335892e-09


Number of objective function evaluations             = 11
Number of objective gradient evaluations             = 11
Number of equality constraint evaluations            = 11
Number of inequality constraint evaluations          = 11
Number of equality constraint Jacobian evaluations   = 11
Number of inequality constraint Jacobian evaluations = 11
Number of Lagrangian Hessian evaluations             = 10
Total CPU secs in IPOPT (w/o function evaluations)   =      0.139
Total CPU secs in NLP function evaluations           =      0.030

EXIT: Optimal Solution Found.
This is Ipopt version 3.12.13, running with linear solver mumps.
NOTE: Other linear solvers might be more efficient (see Ipopt documentation).

Number of nonzeros in equality constraint Jacobian...:     2592
Number of nonzeros in inequality constraint Jacobian.:     4608
Number of nonzeros in Lagrangian Hessian.............:     5886

Total number of variables............................:     1617
                     variables with only lower bounds:        0
                variables with lower and upper bounds:      969
                     variables with only upper bounds:        0
Total number of equality constraints.................:      432
Total number of inequality constraints...............:     1080
        inequality constraints with only lower bounds:        0
   inequality constraints with lower and upper bounds:        0
        inequality constraints with only upper bounds:     1080

iter    objective    inf_pr   inf_du lg(mu)  ||d||  lg(rg) alpha_du alpha_pr  ls
   0  2.1061261e+01 1.13e-09 7.81e+02   0.0 0.00e+00    -  0.00e+00 0.00e+00   0
   1  1.1570310e+00 2.01e-08 1.82e+02  -4.8 1.29e-02   0.0 9.64e-01 7.67e-01f  1
   2  6.0329626e-04 2.27e-09 6.69e-01  -5.7 4.54e-03  -0.5 9.56e-01 9.96e-01f  1
   3  1.4064756e-04 6.12e-12 6.32e-03 -11.0 3.73e-04  -1.0 9.90e-01 1.00e+00h  1
   4  3.5489847e-05 2.22e-16 2.17e-03 -11.0 1.81e-04  -1.4 9.93e-01 1.00e+00f  1
   5  8.9272624e-06 2.22e-16 3.62e-04 -10.8 9.08e-05  -1.9 9.98e-01 1.00e+00f  1
   6  2.2358359e-06 2.22e-16 1.88e-07 -10.1 4.57e-05  -2.4 1.00e+00 1.00e+00h  1
   7  5.5862591e-07 2.22e-16 3.14e-08 -10.7 2.29e-05  -2.9 1.00e+00 1.00e+00h  1
   8  1.3957059e-07 2.22e-16 5.23e-09 -11.0 1.14e-05  -3.3 1.00e+00 1.00e+00h  1
   9  3.4935290e-08 2.22e-16 2.04e-09 -11.0 1.34e-05  -3.8 1.00e+00 1.00e+00h  1
iter    objective    inf_pr   inf_du lg(mu)  ||d||  lg(rg) alpha_du alpha_pr  ls
  10  8.8390815e-09 7.77e-16 2.04e-09 -11.0 4.01e-05  -4.3 1.00e+00 1.00e+00h  1

Number of Iterations....: 10

                                   (scaled)                 (unscaled)
Objective...............:   8.8390815382513479e-09    8.8390815382513479e-09
Dual infeasibility......:   2.0355918262648561e-09    2.0355918262648561e-09
Constraint violation....:   7.7715611723760958e-16    7.7715611723760958e-16
Complementarity.........:   6.4095424431708992e-09    6.4095424431708992e-09
Overall NLP error.......:   6.4095424431708992e-09    6.4095424431708992e-09


Number of objective function evaluations             = 11
Number of objective gradient evaluations             = 11
Number of equality constraint evaluations            = 11
Number of inequality constraint evaluations          = 11
Number of equality constraint Jacobian evaluations   = 11
Number of inequality constraint Jacobian evaluations = 11
Number of Lagrangian Hessian evaluations             = 10
Total CPU secs in IPOPT (w/o function evaluations)   =      0.188
Total CPU secs in NLP function evaluations           =      0.029

EXIT: Optimal Solution Found.
This is Ipopt version 3.12.13, running with linear solver mumps.
NOTE: Other linear solvers might be more efficient (see Ipopt documentation).

Number of nonzeros in equality constraint Jacobian...:     2592
Number of nonzeros in inequality constraint Jacobian.:     4608
Number of nonzeros in Lagrangian Hessian.............:     5886

Total number of variables............................:     1617
                     variables with only lower bounds:        0
                variables with lower and upper bounds:      969
                     variables with only upper bounds:        0
Total number of equality constraints.................:      432
Total number of inequality constraints...............:     1080
        inequality constraints with only lower bounds:        0
   inequality constraints with lower and upper bounds:        0
        inequality constraints with only upper bounds:     1080

iter    objective    inf_pr   inf_du lg(mu)  ||d||  lg(rg) alpha_du alpha_pr  ls
   0  2.3870031e+01 1.13e-09 7.81e+02   0.0 0.00e+00    -  0.00e+00 0.00e+00   0
   1  9.5692317e-02 2.44e-08 4.80e+01  -4.8 1.05e-02   0.0 9.64e-01 9.39e-01f  1
   2  1.3044662e-03 2.04e-09 3.82e+00  -7.2 1.14e-03  -0.5 9.78e-01 9.20e-01f  1
   3  1.3013667e-04 2.38e-12 3.36e-03 -11.0 2.58e-04  -1.0 9.90e-01 1.00e+00h  1
   4  3.2760619e-05 4.16e-16 1.39e-03 -11.0 1.11e-04  -1.4 9.97e-01 1.00e+00f  1
   5  8.2156437e-06 2.22e-16 2.26e-04 -10.1 5.60e-05  -1.9 9.99e-01 1.00e+00f  1
   6  2.0551080e-06 2.22e-16 1.16e-07 -10.1 2.81e-05  -2.4 1.00e+00 1.00e+00f  1
   7  5.1327521e-07 2.22e-16 1.93e-08 -10.7 1.41e-05  -2.9 1.00e+00 1.00e+00h  1
   8  1.2814733e-07 2.22e-16 3.21e-09 -11.0 7.03e-06  -3.3 1.00e+00 1.00e+00h  1
   9  3.2037986e-08 2.22e-16 2.04e-09 -11.0 1.34e-05  -3.8 1.00e+00 1.00e+00h  1
iter    objective    inf_pr   inf_du lg(mu)  ||d||  lg(rg) alpha_du alpha_pr  ls
  10  8.0955279e-09 8.88e-16 2.04e-09 -11.0 4.01e-05  -4.3 1.00e+00 1.00e+00h  1

Number of Iterations....: 10

                                   (scaled)                 (unscaled)
Objective...............:   8.0955279007183106e-09    8.0955279007183106e-09
Dual infeasibility......:   2.0355935030690587e-09    2.0355935030690587e-09
Constraint violation....:   8.8817841970012523e-16    8.8817841970012523e-16
Complementarity.........:   4.7171807469067563e-09    4.7171807469067563e-09
Overall NLP error.......:   4.7171807469067563e-09    4.7171807469067563e-09


Number of objective function evaluations             = 11
Number of objective gradient evaluations             = 11
Number of equality constraint evaluations            = 11
Number of inequality constraint evaluations          = 11
Number of equality constraint Jacobian evaluations   = 11
Number of inequality constraint Jacobian evaluations = 11
Number of Lagrangian Hessian evaluations             = 10
Total CPU secs in IPOPT (w/o function evaluations)   =      0.187
Total CPU secs in NLP function evaluations           =      0.028

EXIT: Optimal Solution Found.
This is Ipopt version 3.12.13, running with linear solver mumps.
NOTE: Other linear solvers might be more efficient (see Ipopt documentation).

Number of nonzeros in equality constraint Jacobian...:     2592
Number of nonzeros in inequality constraint Jacobian.:     4608
Number of nonzeros in Lagrangian Hessian.............:     5886

Total number of variables............................:     1617
                     variables with only lower bounds:        0
                variables with lower and upper bounds:      969
                     variables with only upper bounds:        0
Total number of equality constraints.................:      432
Total number of inequality constraints...............:     1080
        inequality constraints with only lower bounds:        0
   inequality constraints with lower and upper bounds:        0
        inequality constraints with only upper bounds:     1080

iter    objective    inf_pr   inf_du lg(mu)  ||d||  lg(rg) alpha_du alpha_pr  ls
   0  2.6678800e+01 1.13e-09 7.81e+02   0.0 0.00e+00    -  0.00e+00 0.00e+00   0
   1  7.6505380e-01 5.11e-09 1.31e+02  -4.8 1.19e-02   0.0 9.64e-01 8.32e-01f  1
   2  2.9869327e-02 1.80e-09 2.47e+01  -6.1 3.22e-03  -0.5 9.62e-01 8.11e-01f  1
   3  2.6045271e-04 1.63e-11 3.73e-03 -10.6 6.39e-04  -1.0 9.87e-01 1.00e+00h  1
   4  6.5370363e-05 2.22e-16 2.52e-03 -11.0 1.15e-04  -1.4 9.96e-01 1.00e+00h  1
   5  1.6401393e-05 2.22e-16 7.61e-04  -9.9 5.78e-05  -1.9 9.98e-01 1.00e+00f  1
   6  4.1082325e-06 2.22e-16 1.19e-07  -9.8 2.90e-05  -2.4 1.00e+00 1.00e+00f  1
   7  1.0262191e-06 2.22e-16 1.99e-08 -10.4 1.45e-05  -2.9 1.00e+00 1.00e+00h  1
   8  2.5619480e-07 2.22e-16 3.32e-09 -11.0 7.26e-06  -3.3 1.00e+00 1.00e+00h  1
   9  6.3957020e-08 2.22e-16 2.04e-09 -11.0 1.34e-05  -3.8 1.00e+00 1.00e+00h  1
iter    objective    inf_pr   inf_du lg(mu)  ||d||  lg(rg) alpha_du alpha_pr  ls
  10  1.6030212e-08 7.77e-16 2.04e-09 -11.0 4.01e-05  -4.3 1.00e+00 1.00e+00h  1

Number of Iterations....: 10

                                   (scaled)                 (unscaled)
Objective...............:   1.6030211938874387e-08    1.6030211938874387e-08
Dual infeasibility......:   2.0355932880924201e-09    2.0355932880924201e-09
Constraint violation....:   7.7715611723760958e-16    7.7715611723760958e-16
Complementarity.........:   6.8455597239177810e-09    6.8455597239177810e-09
Overall NLP error.......:   6.8455597239177810e-09    6.8455597239177810e-09


Number of objective function evaluations             = 11
Number of objective gradient evaluations             = 11
Number of equality constraint evaluations            = 11
Number of inequality constraint evaluations          = 11
Number of equality constraint Jacobian evaluations   = 11
Number of inequality constraint Jacobian evaluations = 11
Number of Lagrangian Hessian evaluations             = 10
Total CPU secs in IPOPT (w/o function evaluations)   =      0.136
Total CPU secs in NLP function evaluations           =      0.026

EXIT: Optimal Solution Found.
This is Ipopt version 3.12.13, running with linear solver mumps.
NOTE: Other linear solvers might be more efficient (see Ipopt documentation).

Number of nonzeros in equality constraint Jacobian...:     2592
Number of nonzeros in inequality constraint Jacobian.:     4607
Number of nonzeros in Lagrangian Hessian.............:     5880

Total number of variables............................:     1616
                     variables with only lower bounds:        0
                variables with lower and upper bounds:      968
                     variables with only upper bounds:        0
Total number of equality constraints.................:      432
Total number of inequality constraints...............:     1080
        inequality constraints with only lower bounds:        0
   inequality constraints with lower and upper bounds:        0
        inequality constraints with only upper bounds:     1080

iter    objective    inf_pr   inf_du lg(mu)  ||d||  lg(rg) alpha_du alpha_pr  ls
   0  2.3938531e+01 1.13e-09 7.81e+02   0.0 0.00e+00    -  0.00e+00 0.00e+00   0
   1  9.5910223e-02 5.93e-09 4.80e+01  -4.8 1.05e-02   0.0 9.64e-01 9.39e-01f  1
   2  5.5050833e-03 1.40e-09 1.03e+01  -7.3 1.14e-03  -0.5 9.78e-01 7.85e-01f  1
   3  1.6062146e-04 7.00e-13 2.95e-03 -11.0 3.12e-04  -1.0 9.89e-01 1.00e+00h  1
   4  4.0341811e-05 2.22e-16 1.61e-03 -11.0 7.07e-05  -1.4 9.97e-01 1.00e+00h  1
   5  1.0112455e-05 2.22e-16 2.94e-04  -9.9 3.54e-05  -1.9 9.99e-01 1.00e+00f  1
   6  2.5295329e-06 2.22e-16 7.31e-08 -10.0 1.78e-05  -2.4 1.00e+00 1.00e+00f  1
   7  6.3174814e-07 2.22e-16 1.22e-08 -10.6 8.89e-06  -2.9 1.00e+00 1.00e+00h  1
   8  1.5769422e-07 2.22e-16 2.05e-09 -11.0 4.48e-06  -3.3 1.00e+00 1.00e+00h  1
   9  3.9389009e-08 2.22e-16 2.04e-09 -11.0 1.34e-05  -3.8 1.00e+00 1.00e+00h  1
iter    objective    inf_pr   inf_du lg(mu)  ||d||  lg(rg) alpha_du alpha_pr  ls
  10  9.9154567e-09 7.77e-16 2.04e-09 -11.0 4.01e-05  -4.3 1.00e+00 1.00e+00h  1

Number of Iterations....: 10

                                   (scaled)                 (unscaled)
Objective...............:   9.9154566571595300e-09    9.9154566571595300e-09
Dual infeasibility......:   2.0355936897730598e-09    2.0355936897730598e-09
Constraint violation....:   7.7715611723760958e-16    7.7715611723760958e-16
Complementarity.........:   4.7238737314652740e-09    4.7238737314652740e-09
Overall NLP error.......:   4.7238737314652740e-09    4.7238737314652740e-09


Number of objective function evaluations             = 11
Number of objective gradient evaluations             = 11
Number of equality constraint evaluations            = 11
Number of inequality constraint evaluations          = 11
Number of equality constraint Jacobian evaluations   = 11
Number of inequality constraint Jacobian evaluations = 11
Number of Lagrangian Hessian evaluations             = 10
Total CPU secs in IPOPT (w/o function evaluations)   =      0.141
Total CPU secs in NLP function evaluations           =      0.027

EXIT: Optimal Solution Found.
This is Ipopt version 3.12.13, running with linear solver mumps.
NOTE: Other linear solvers might be more efficient (see Ipopt documentation).

Number of nonzeros in equality constraint Jacobian...:     2592
Number of nonzeros in inequality constraint Jacobian.:     4606
Number of nonzeros in Lagrangian Hessian.............:     5874

Total number of variables............................:     1615
                     variables with only lower bounds:        0
                variables with lower and upper bounds:      967
                     variables with only upper bounds:        0
Total number of equality constraints.................:      432
Total number of inequality constraints...............:     1080
        inequality constraints with only lower bounds:        0
   inequality constraints with lower and upper bounds:        0
        inequality constraints with only upper bounds:     1080

iter    objective    inf_pr   inf_du lg(mu)  ||d||  lg(rg) alpha_du alpha_pr  ls
   0  1.8281372e+01 1.13e-09 4.27e+02   0.0 0.00e+00    -  0.00e+00 0.00e+00   0
   1  1.0855212e-01 2.35e-08 3.12e+01  -4.8 1.07e-02   0.0 9.64e-01 9.27e-01f  1
   2  1.1109061e-02 6.65e-09 8.63e+00  -7.0 1.37e-03  -0.5 9.76e-01 7.20e-01h  1
   3  4.0541171e-04 8.98e-12 3.42e-03 -11.0 5.19e-04  -1.0 9.89e-01 1.00e+00h  1
   4  1.0177781e-04 1.97e-15 2.01e-03 -11.0 1.19e-04  -1.4 9.97e-01 1.00e+00h  1
   5  2.5528104e-05 2.22e-16 4.16e-04  -9.7 5.95e-05  -1.9 9.99e-01 1.00e+00f  1
   6  6.3889758e-06 2.22e-16 1.23e-07  -9.9 2.98e-05  -2.4 1.00e+00 1.00e+00f  1
   7  1.5960795e-06 2.22e-16 2.05e-08 -10.5 1.49e-05  -2.9 1.00e+00 1.00e+00h  1
   8  3.9849694e-07 2.22e-16 3.41e-09 -11.0 7.47e-06  -3.3 1.00e+00 1.00e+00h  1
   9  9.9456016e-08 2.22e-16 1.12e-09 -11.0 7.34e-06  -3.8 1.00e+00 1.00e+00h  1
iter    objective    inf_pr   inf_du lg(mu)  ||d||  lg(rg) alpha_du alpha_pr  ls
  10  2.4872237e-08 7.77e-16 1.12e-09 -11.0 2.20e-05  -4.3 1.00e+00 1.00e+00h  1

Number of Iterations....: 10

                                   (scaled)                 (unscaled)
Objective...............:   1.3601914685692951e-08    2.4872236829857612e-08
Dual infeasibility......:   1.1161938525647492e-09    2.0410536671151941e-09
Constraint violation....:   7.7715611723760958e-16    7.7715611723760958e-16
Complementarity.........:   7.1304283732873511e-09    1.3038583706548536e-08
Overall NLP error.......:   7.1304283732873511e-09    1.3038583706548536e-08


Number of objective function evaluations             = 11
Number of objective gradient evaluations             = 11
Number of equality constraint evaluations            = 11
Number of inequality constraint evaluations          = 11
Number of equality constraint Jacobian evaluations   = 11
Number of inequality constraint Jacobian evaluations = 11
Number of Lagrangian Hessian evaluations             = 10
Total CPU secs in IPOPT (w/o function evaluations)   =      0.191
Total CPU secs in NLP function evaluations           =      0.029

EXIT: Optimal Solution Found.
This is Ipopt version 3.12.13, running with linear solver mumps.
NOTE: Other linear solvers might be more efficient (see Ipopt documentation).

Number of nonzeros in equality constraint Jacobian...:     2592
Number of nonzeros in inequality constraint Jacobian.:     4606
Number of nonzeros in Lagrangian Hessian.............:     5874

Total number of variables............................:     1615
                     variables with only lower bounds:        0
                variables with lower and upper bounds:      967
                     variables with only upper bounds:        0
Total number of equality constraints.................:      432
Total number of inequality constraints...............:     1080
        inequality constraints with only lower bounds:        0
   inequality constraints with lower and upper bounds:        0
        inequality constraints with only upper bounds:     1080

iter    objective    inf_pr   inf_du lg(mu)  ||d||  lg(rg) alpha_du alpha_pr  ls
   0  2.1541091e+01 1.13e-09 4.27e+02   0.0 0.00e+00    -  0.00e+00 0.00e+00   0
   1  1.2353027e-01 5.80e-09 3.07e+01  -4.8 1.07e-02   0.0 9.64e-01 9.28e-01f  1
   2  1.2614406e-02 1.78e-09 8.60e+00  -7.1 1.36e-03  -0.5 9.76e-01 7.17e-01h  1
   3  3.8391767e-04 8.85e-12 3.48e-03 -11.0 5.18e-04  -1.0 9.89e-01 1.00e+00h  1
   4  9.6347741e-05 1.94e-15 2.04e-03 -11.0 1.19e-04  -1.4 9.96e-01 1.00e+00h  1
   5  2.4166552e-05 2.22e-16 4.44e-04  -9.8 5.95e-05  -1.9 9.98e-01 1.00e+00f  1
   6  6.0482768e-06 2.22e-16 1.23e-07  -9.9 2.98e-05  -2.4 1.00e+00 1.00e+00f  1
   7  1.5106867e-06 2.22e-16 2.05e-08 -10.5 1.49e-05  -2.9 1.00e+00 1.00e+00h  1
   8  3.7703994e-07 2.22e-16 3.42e-09 -11.0 7.47e-06  -3.3 1.00e+00 1.00e+00h  1
   9  9.4040024e-08 2.22e-16 1.12e-09 -11.0 7.34e-06  -3.8 1.00e+00 1.00e+00h  1
iter    objective    inf_pr   inf_du lg(mu)  ||d||  lg(rg) alpha_du alpha_pr  ls
  10  2.3495019e-08 7.77e-16 1.12e-09 -11.0 2.20e-05  -4.3 1.00e+00 1.00e+00h  1

Number of Iterations....: 10

                                   (scaled)                 (unscaled)
Objective...............:   1.2848753761372607e-08    2.3495019187080159e-08
Dual infeasibility......:   1.1161938639682440e-09    2.0410536879674367e-09
Constraint violation....:   7.7715611723760958e-16    7.7715611723760958e-16
Complementarity.........:   7.1360136153957763e-09    1.3048796788139097e-08
Overall NLP error.......:   7.1360136153957763e-09    1.3048796788139097e-08


Number of objective function evaluations             = 11
Number of objective gradient evaluations             = 11
Number of equality constraint evaluations            = 11
Number of inequality constraint evaluations          = 11
Number of equality constraint Jacobian evaluations   = 11
Number of inequality constraint Jacobian evaluations = 11
Number of Lagrangian Hessian evaluations             = 10
Total CPU secs in IPOPT (w/o function evaluations)   =      0.222
Total CPU secs in NLP function evaluations           =      0.029

EXIT: Optimal Solution Found.
This is Ipopt version 3.12.13, running with linear solver mumps.
NOTE: Other linear solvers might be more efficient (see Ipopt documentation).

Number of nonzeros in equality constraint Jacobian...:     2592
Number of nonzeros in inequality constraint Jacobian.:     4606
Number of nonzeros in Lagrangian Hessian.............:     5874

Total number of variables............................:     1615
                     variables with only lower bounds:        0
                variables with lower and upper bounds:      967
                     variables with only upper bounds:        0
Total number of equality constraints.................:      432
Total number of inequality constraints...............:     1080
        inequality constraints with only lower bounds:        0
   inequality constraints with lower and upper bounds:        0
        inequality constraints with only upper bounds:     1080

iter    objective    inf_pr   inf_du lg(mu)  ||d||  lg(rg) alpha_du alpha_pr  ls
   0  2.9198246e+01 1.13e-09 4.36e+02   0.0 0.00e+00    -  0.00e+00 0.00e+00   0
   1  1.4871947e-02 6.48e-09 8.38e+00  -4.8 1.01e-02   0.0 9.64e-01 9.81e-01f  1
   2  4.1671019e-04 2.13e-11 6.43e-03  -8.7 3.69e-04  -0.5 9.86e-01 1.00e+00h  1
   3  1.0476327e-04 2.22e-16 3.13e-03 -11.0 1.28e-04  -1.0 9.93e-01 1.00e+00h  1
   4  2.6354894e-05 2.22e-16 7.57e-04 -11.0 6.46e-05  -1.4 9.97e-01 1.00e+00f  1
   5  6.6057090e-06 2.22e-16 4.20e-05 -10.4 3.25e-05  -1.9 1.00e+00 1.00e+00f  1
   6  1.6502626e-06 2.22e-16 6.70e-08 -10.4 1.63e-05  -2.4 1.00e+00 1.00e+00f  1
   7  4.1174276e-07 2.22e-16 1.12e-08 -11.0 8.14e-06  -2.9 1.00e+00 1.00e+00h  1
   8  1.0262394e-07 2.22e-16 1.86e-09 -11.0 4.07e-06  -3.3 1.00e+00 1.00e+00h  1
   9  2.5599099e-08 2.22e-16 1.12e-09 -11.0 7.34e-06  -3.8 1.00e+00 1.00e+00h  1

Number of Iterations....: 9

                                   (scaled)                 (unscaled)
Objective...............:   1.3999414913101828e-08    2.5599099188907334e-08
Dual infeasibility......:   1.1185967185279644e-09    2.0454475081801109e-09
Constraint violation....:   2.2204460492503131e-16    2.2204460492503131e-16
Complementarity.........:   9.0712101877500886e-09    1.6587465319162383e-08
Overall NLP error.......:   9.0712101877500886e-09    1.6587465319162383e-08


Number of objective function evaluations             = 10
Number of objective gradient evaluations             = 10
Number of equality constraint evaluations            = 10
Number of inequality constraint evaluations          = 10
Number of equality constraint Jacobian evaluations   = 10
Number of inequality constraint Jacobian evaluations = 10
Number of Lagrangian Hessian evaluations             = 9
Total CPU secs in IPOPT (w/o function evaluations)   =      0.129
Total CPU secs in NLP function evaluations           =      0.027

EXIT: Optimal Solution Found.
This is Ipopt version 3.12.13, running with linear solver mumps.
NOTE: Other linear solvers might be more efficient (see Ipopt documentation).

Number of nonzeros in equality constraint Jacobian...:     2592
Number of nonzeros in inequality constraint Jacobian.:     4606
Number of nonzeros in Lagrangian Hessian.............:     5874

Total number of variables............................:     1615
                     variables with only lower bounds:        0
                variables with lower and upper bounds:      967
                     variables with only upper bounds:        0
Total number of equality constraints.................:      432
Total number of inequality constraints...............:     1080
        inequality constraints with only lower bounds:        0
   inequality constraints with lower and upper bounds:        0
        inequality constraints with only upper bounds:     1080

iter    objective    inf_pr   inf_du lg(mu)  ||d||  lg(rg) alpha_du alpha_pr  ls
   0  3.2007016e+01 1.13e-09 4.36e+02   0.0 0.00e+00    -  0.00e+00 0.00e+00   0
   1  1.6039788e-02 2.48e-08 8.38e+00  -4.8 1.01e-02   0.0 9.64e-01 9.81e-01f  1
   2  3.7324641e-04 7.03e-11 6.43e-03  -8.7 3.61e-04  -0.5 9.86e-01 1.00e+00h  1
   3  9.3678108e-05 9.84e-14 3.09e-03 -11.0 6.21e-05  -1.0 9.94e-01 1.00e+00h  1
   4  2.3562374e-05 2.22e-16 7.46e-04 -11.0 3.11e-05  -1.4 9.97e-01 1.00e+00f  1
   5  5.9045645e-06 2.22e-16 4.78e-05 -10.4 1.56e-05  -1.9 1.00e+00 1.00e+00f  1
   6  1.4747061e-06 2.22e-16 3.23e-08 -10.5 7.84e-06  -2.4 1.00e+00 1.00e+00f  1
   7  3.6771709e-07 2.22e-16 5.38e-09 -11.0 3.92e-06  -2.9 1.00e+00 1.00e+00h  1
   8  9.1551707e-08 2.22e-16 1.12e-09 -11.0 2.45e-06  -3.3 1.00e+00 1.00e+00h  1
   9  2.2800677e-08 2.22e-16 1.12e-09 -11.0 7.34e-06  -3.8 1.00e+00 1.00e+00h  1

Number of Iterations....: 9

                                   (scaled)                 (unscaled)
Objective...............:   1.2469037797679192e-08    2.2800676839308029e-08
Dual infeasibility......:   1.1185967289508045e-09    2.0454475272391447e-09
Constraint violation....:   2.2204460492503131e-16    2.2204460492503131e-16
Complementarity.........:   5.4975808436031536e-09    1.0052785647686185e-08
Overall NLP error.......:   5.4975808436031536e-09    1.0052785647686185e-08


Number of objective function evaluations             = 10
Number of objective gradient evaluations             = 10
Number of equality constraint evaluations            = 10
Number of inequality constraint evaluations          = 10
Number of equality constraint Jacobian evaluations   = 10
Number of inequality constraint Jacobian evaluations = 10
Number of Lagrangian Hessian evaluations             = 9
Total CPU secs in IPOPT (w/o function evaluations)   =      0.172
Total CPU secs in NLP function evaluations           =      0.029

EXIT: Optimal Solution Found.
This is Ipopt version 3.12.13, running with linear solver mumps.
NOTE: Other linear solvers might be more efficient (see Ipopt documentation).

Number of nonzeros in equality constraint Jacobian...:     2592
Number of nonzeros in inequality constraint Jacobian.:     4606
Number of nonzeros in Lagrangian Hessian.............:     5874

Total number of variables............................:     1615
                     variables with only lower bounds:        0
                variables with lower and upper bounds:      967
                     variables with only upper bounds:        0
Total number of equality constraints.................:      432
Total number of inequality constraints...............:     1080
        inequality constraints with only lower bounds:        0
   inequality constraints with lower and upper bounds:        0
        inequality constraints with only upper bounds:     1080

iter    objective    inf_pr   inf_du lg(mu)  ||d||  lg(rg) alpha_du alpha_pr  ls
   0  3.2725336e+01 1.13e-09 4.36e+02   0.0 0.00e+00    -  0.00e+00 0.00e+00   0
   1  1.8179318e-02 6.89e-09 8.38e+00  -4.8 1.01e-02   0.0 9.64e-01 9.81e-01f  1
   2  7.9608358e-04 2.13e-11 6.43e-03  -8.7 6.67e-04  -0.5 9.86e-01 1.00e+00h  1
   3  2.0051231e-04 2.22e-16 3.20e-03 -11.0 2.65e-04  -1.0 9.93e-01 1.00e+00h  1
   4  5.0447293e-05 2.22e-16 7.91e-04 -11.0 1.33e-04  -1.4 9.97e-01 1.00e+00f  1
   5  1.2648236e-05 2.22e-16 8.27e-07  -9.9 6.70e-05  -1.9 1.00e+00 1.00e+00f  1
   6  3.1599036e-06 2.22e-16 1.38e-07 -10.2 3.36e-05  -2.4 1.00e+00 1.00e+00h  1
   7  7.8890771e-07 2.22e-16 2.30e-08 -10.8 1.68e-05  -2.9 1.00e+00 1.00e+00h  1
   8  1.9678543e-07 2.22e-16 3.84e-09 -11.0 8.40e-06  -3.3 1.00e+00 1.00e+00h  1
   9  4.9081922e-08 2.22e-16 1.12e-09 -11.0 7.34e-06  -3.8 1.00e+00 1.00e+00h  1
iter    objective    inf_pr   inf_du lg(mu)  ||d||  lg(rg) alpha_du alpha_pr  ls
  10  1.2318093e-08 7.77e-16 1.12e-09 -11.0 2.20e-05  -4.3 1.00e+00 1.00e+00h  1

Number of Iterations....: 10

                                   (scaled)                 (unscaled)
Objective...............:   6.7364128929367990e-09    1.2318093498488554e-08
Dual infeasibility......:   1.1161937265207862e-09    2.0410534366332828e-09
Constraint violation....:   7.7715611723760958e-16    7.7715611723760958e-16
Complementarity.........:   4.1721448590093840e-09    7.6291152694042720e-09
Overall NLP error.......:   4.1721448590093840e-09    7.6291152694042720e-09


Number of objective function evaluations             = 11
Number of objective gradient evaluations             = 11
Number of equality constraint evaluations            = 11
Number of inequality constraint evaluations          = 11
Number of equality constraint Jacobian evaluations   = 11
Number of inequality constraint Jacobian evaluations = 11
Number of Lagrangian Hessian evaluations             = 10
Total CPU secs in IPOPT (w/o function evaluations)   =      0.144
Total CPU secs in NLP function evaluations           =      0.030

EXIT: Optimal Solution Found.
This is Ipopt version 3.12.13, running with linear solver mumps.
NOTE: Other linear solvers might be more efficient (see Ipopt documentation).

Number of nonzeros in equality constraint Jacobian...:     2592
Number of nonzeros in inequality constraint Jacobian.:     4606
Number of nonzeros in Lagrangian Hessian.............:     5874

Total number of variables............................:     1615
                     variables with only lower bounds:        0
                variables with lower and upper bounds:      967
                     variables with only upper bounds:        0
Total number of equality constraints.................:      432
Total number of inequality constraints...............:     1080
        inequality constraints with only lower bounds:        0
   inequality constraints with lower and upper bounds:        0
        inequality constraints with only upper bounds:     1080

iter    objective    inf_pr   inf_du lg(mu)  ||d||  lg(rg) alpha_du alpha_pr  ls
   0  3.5381666e+01 1.13e-09 4.36e+02   0.0 0.00e+00    -  0.00e+00 0.00e+00   0
   1  1.3298480e+00 4.67e-09 8.32e+01  -4.9 1.22e-02   0.0 9.64e-01 8.09e-01f  1
   2  2.0182310e-03 1.71e-09 8.30e-01  -5.9 3.67e-03  -0.5 9.59e-01 9.90e-01f  1
   3  4.1813368e-04 8.45e-14 5.91e-03 -11.0 6.40e-04  -1.0 9.89e-01 1.00e+00h  1
   4  1.0542830e-04 2.22e-16 2.19e-03 -11.0 3.12e-04  -1.4 9.94e-01 1.00e+00f  1
   5  2.6512832e-05 2.22e-16 3.70e-04 -10.2 1.57e-04  -1.9 9.98e-01 1.00e+00f  1
   6  6.6390269e-06 2.22e-16 3.24e-07  -9.8 7.88e-05  -2.4 1.00e+00 1.00e+00h  1
   7  1.6581082e-06 2.22e-16 5.42e-08 -10.5 3.95e-05  -2.9 1.00e+00 1.00e+00h  1
   8  4.1376181e-07 2.22e-16 9.03e-09 -11.0 1.97e-05  -3.3 1.00e+00 1.00e+00h  1
   9  1.0316817e-07 2.22e-16 1.51e-09 -11.0 9.87e-06  -3.8 1.00e+00 1.00e+00h  1
iter    objective    inf_pr   inf_du lg(mu)  ||d||  lg(rg) alpha_du alpha_pr  ls
  10  2.5763563e-08 7.77e-16 1.12e-09 -11.0 2.20e-05  -4.3 1.00e+00 1.00e+00h  1

Number of Iterations....: 10

                                   (scaled)                 (unscaled)
Objective...............:   1.4089355274415079e-08    2.5763562650033079e-08
Dual infeasibility......:   1.1161933403480307e-09    2.0410527304841518e-09
Constraint violation....:   7.7715611723760958e-16    7.7715611723760958e-16
Complementarity.........:   9.6797125193691130e-09    1.7700162645478385e-08
Overall NLP error.......:   9.6797125193691130e-09    1.7700162645478385e-08


Number of objective function evaluations             = 11
Number of objective gradient evaluations             = 11
Number of equality constraint evaluations            = 11
Number of inequality constraint evaluations          = 11
Number of equality constraint Jacobian evaluations   = 11
Number of inequality constraint Jacobian evaluations = 11
Number of Lagrangian Hessian evaluations             = 10
Total CPU secs in IPOPT (w/o function evaluations)   =      0.144
Total CPU secs in NLP function evaluations           =      0.033

EXIT: Optimal Solution Found.
This is Ipopt version 3.12.13, running with linear solver mumps.
NOTE: Other linear solvers might be more efficient (see Ipopt documentation).

Number of nonzeros in equality constraint Jacobian...:     2592
Number of nonzeros in inequality constraint Jacobian.:     4606
Number of nonzeros in Lagrangian Hessian.............:     5874

Total number of variables............................:     1615
                     variables with only lower bounds:        0
                variables with lower and upper bounds:      967
                     variables with only upper bounds:        0
Total number of equality constraints.................:      432
Total number of inequality constraints...............:     1080
        inequality constraints with only lower bounds:        0
   inequality constraints with lower and upper bounds:        0
        inequality constraints with only upper bounds:     1080

iter    objective    inf_pr   inf_du lg(mu)  ||d||  lg(rg) alpha_du alpha_pr  ls
   0  3.6818306e+01 1.13e-09 4.36e+02   0.0 0.00e+00    -  0.00e+00 0.00e+00   0
   1  2.0924218e-02 6.60e-09 8.38e+00  -4.9 1.01e-02   0.0 9.64e-01 9.81e-01f  1
   2  1.0108782e-03 2.13e-11 6.43e-03  -8.7 6.12e-04  -0.5 9.86e-01 1.00e+00h  1
   3  2.5471449e-04 2.22e-16 3.29e-03 -11.0 3.05e-04  -1.0 9.93e-01 1.00e+00f  1
   4  6.4092830e-05 2.22e-16 8.06e-04 -11.0 1.54e-04  -1.4 9.97e-01 1.00e+00f  1
   5  1.6071060e-05 2.22e-16 9.55e-07  -9.7 7.74e-05  -1.9 1.00e+00 1.00e+00f  1
   6  4.0153691e-06 2.22e-16 1.60e-07 -10.1 3.88e-05  -2.4 1.00e+00 1.00e+00h  1
   7  1.0026280e-06 2.22e-16 2.66e-08 -10.7 1.94e-05  -2.9 1.00e+00 1.00e+00h  1
   8  2.5013211e-07 2.22e-16 4.44e-09 -11.0 9.70e-06  -3.3 1.00e+00 1.00e+00h  1
   9  6.2381719e-08 2.22e-16 1.12e-09 -11.0 7.34e-06  -3.8 1.00e+00 1.00e+00h  1
iter    objective    inf_pr   inf_du lg(mu)  ||d||  lg(rg) alpha_du alpha_pr  ls
  10  1.5629263e-08 7.77e-16 1.12e-09 -11.0 2.20e-05  -4.3 1.00e+00 1.00e+00h  1

Number of Iterations....: 10

                                   (scaled)                 (unscaled)
Objective...............:   8.5471965167672622e-09    1.5629262564040194e-08
Dual infeasibility......:   1.1161937431906213e-09    2.0410534671154682e-09
Constraint violation....:   7.7715611723760958e-16    7.7715611723760958e-16
Complementarity.........:   4.3178482269491595e-09    7.8955460446331298e-09
Overall NLP error.......:   4.3178482269491595e-09    7.8955460446331298e-09


Number of objective function evaluations             = 11
Number of objective gradient evaluations             = 11
Number of equality constraint evaluations            = 11
Number of inequality constraint evaluations          = 11
Number of equality constraint Jacobian evaluations   = 11
Number of inequality constraint Jacobian evaluations = 11
Number of Lagrangian Hessian evaluations             = 10
Total CPU secs in IPOPT (w/o function evaluations)   =      0.213
Total CPU secs in NLP function evaluations           =      0.028

EXIT: Optimal Solution Found.
This is Ipopt version 3.12.13, running with linear solver mumps.
NOTE: Other linear solvers might be more efficient (see Ipopt documentation).

Number of nonzeros in equality constraint Jacobian...:     2592
Number of nonzeros in inequality constraint Jacobian.:     4605
Number of nonzeros in Lagrangian Hessian.............:     5868

Total number of variables............................:     1614
                     variables with only lower bounds:        0
                variables with lower and upper bounds:      966
                     variables with only upper bounds:        0
Total number of equality constraints.................:      432
Total number of inequality constraints...............:     1080
        inequality constraints with only lower bounds:        0
   inequality constraints with lower and upper bounds:        0
        inequality constraints with only upper bounds:     1080

iter    objective    inf_pr   inf_du lg(mu)  ||d||  lg(rg) alpha_du alpha_pr  ls
   0  3.5428155e+01 1.13e-09 4.36e+02   0.0 0.00e+00    -  0.00e+00 0.00e+00   0
   1  1.9890370e-02 6.89e-09 8.38e+00  -4.9 1.01e-02   0.0 9.64e-01 9.81e-01f  1
   2  9.4257501e-04 6.99e-11 6.43e-03  -8.7 8.68e-04  -0.5 9.86e-01 1.00e+00h  1
   3  2.3740030e-04 9.82e-14 3.37e-03 -11.0 4.15e-04  -1.0 9.93e-01 1.00e+00h  1
   4  5.9730045e-05 2.22e-16 8.47e-04 -11.0 2.09e-04  -1.4 9.96e-01 1.00e+00f  1
   5  1.4978160e-05 2.22e-16 1.30e-06  -9.8 1.05e-04  -1.9 1.00e+00 1.00e+00f  1
   6  3.7421621e-06 2.22e-16 2.17e-07 -10.1 5.26e-05  -2.4 1.00e+00 1.00e+00h  1
   7  9.3439652e-07 2.22e-16 3.61e-08 -10.7 2.63e-05  -2.9 1.00e+00 1.00e+00h  1
   8  2.3311716e-07 2.22e-16 6.02e-09 -11.0 1.32e-05  -3.3 1.00e+00 1.00e+00h  1
   9  5.8147387e-08 2.22e-16 1.12e-09 -11.0 7.34e-06  -3.8 1.00e+00 1.00e+00h  1
iter    objective    inf_pr   inf_du lg(mu)  ||d||  lg(rg) alpha_du alpha_pr  ls
  10  1.4578079e-08 7.77e-16 1.12e-09 -11.0 2.20e-05  -4.3 1.00e+00 1.00e+00h  1

Number of Iterations....: 10

                                   (scaled)                 (unscaled)
Objective...............:   7.9723341831733257e-09    1.4578078783219076e-08
Dual infeasibility......:   1.1161937509368100e-09    2.0410534812800209e-09
Constraint violation....:   7.7715611723760958e-16    7.7715611723760958e-16
Complementarity.........:   5.6771537975274525e-09    1.0381149789165486e-08
Overall NLP error.......:   5.6771537975274525e-09    1.0381149789165486e-08


Number of objective function evaluations             = 11
Number of objective gradient evaluations             = 11
Number of equality constraint evaluations            = 11
Number of inequality constraint evaluations          = 11
Number of equality constraint Jacobian evaluations   = 11
Number of inequality constraint Jacobian evaluations = 11
Number of Lagrangian Hessian evaluations             = 10
Total CPU secs in IPOPT (w/o function evaluations)   =      0.232
Total CPU secs in NLP function evaluations           =      0.031

EXIT: Optimal Solution Found.
This is Ipopt version 3.12.13, running with linear solver mumps.
NOTE: Other linear solvers might be more efficient (see Ipopt documentation).

Number of nonzeros in equality constraint Jacobian...:     2592
Number of nonzeros in inequality constraint Jacobian.:     4604
Number of nonzeros in Lagrangian Hessian.............:     5862

Total number of variables............................:     1613
                     variables with only lower bounds:        0
                variables with lower and upper bounds:      965
                     variables with only upper bounds:        0
Total number of equality constraints.................:      432
Total number of inequality constraints...............:     1080
        inequality constraints with only lower bounds:        0
   inequality constraints with lower and upper bounds:        0
        inequality constraints with only upper bounds:     1080

iter    objective    inf_pr   inf_du lg(mu)  ||d||  lg(rg) alpha_du alpha_pr  ls
   0  3.2818314e+01 1.13e-09 4.36e+02   0.0 0.00e+00    -  0.00e+00 0.00e+00   0
   1  1.7953346e-02 6.89e-09 8.38e+00  -4.9 1.01e-02   0.0 9.64e-01 9.81e-01f  1
   2  7.3088915e-04 2.14e-11 6.43e-03  -8.7 6.80e-04  -0.5 9.86e-01 1.00e+00h  1
   3  1.8398813e-04 2.22e-16 3.29e-03 -11.0 3.02e-04  -1.0 9.93e-01 1.00e+00h  1
   4  4.6292192e-05 2.22e-16 8.04e-04 -11.0 1.52e-04  -1.4 9.97e-01 1.00e+00f  1
   5  1.1606200e-05 2.22e-16 9.42e-07  -9.9 7.63e-05  -1.9 1.00e+00 1.00e+00f  1
   6  2.8993161e-06 2.22e-16 1.58e-07 -10.2 3.83e-05  -2.4 1.00e+00 1.00e+00h  1
   7  7.2373960e-07 2.22e-16 2.63e-08 -10.8 1.91e-05  -2.9 1.00e+00 1.00e+00h  1
   8  1.8048728e-07 2.22e-16 4.38e-09 -11.0 9.57e-06  -3.3 1.00e+00 1.00e+00h  1
   9  4.5004425e-08 2.22e-16 1.12e-09 -11.0 7.34e-06  -3.8 1.00e+00 1.00e+00h  1
iter    objective    inf_pr   inf_du lg(mu)  ||d||  lg(rg) alpha_du alpha_pr  ls
  10  1.1297262e-08 8.88e-16 1.12e-09 -11.0 2.20e-05  -4.3 1.00e+00 1.00e+00h  1

Number of Iterations....: 10

                                   (scaled)                 (unscaled)
Objective...............:   6.1781495637849943e-09    1.1297262383388742e-08
Dual infeasibility......:   1.1161937605420811e-09    2.0410534988440614e-09
Constraint violation....:   8.8817841970012523e-16    8.8817841970012523e-16
Complementarity.........:   4.4797945231707460e-09    8.1916783705900316e-09
Overall NLP error.......:   4.4797945231707460e-09    8.1916783705900316e-09


Number of objective function evaluations             = 11
Number of objective gradient evaluations             = 11
Number of equality constraint evaluations            = 11
Number of inequality constraint evaluations          = 11
Number of equality constraint Jacobian evaluations   = 11
Number of inequality constraint Jacobian evaluations = 11
Number of Lagrangian Hessian evaluations             = 10
Total CPU secs in IPOPT (w/o function evaluations)   =      0.138
Total CPU secs in NLP function evaluations           =      0.027

EXIT: Optimal Solution Found.
This is Ipopt version 3.12.13, running with linear solver mumps.
NOTE: Other linear solvers might be more efficient (see Ipopt documentation).

Number of nonzeros in equality constraint Jacobian...:     2592
Number of nonzeros in inequality constraint Jacobian.:     4604
Number of nonzeros in Lagrangian Hessian.............:     5862

Total number of variables............................:     1613
                     variables with only lower bounds:        0
                variables with lower and upper bounds:      965
                     variables with only upper bounds:        0
Total number of equality constraints.................:      432
Total number of inequality constraints...............:     1080
        inequality constraints with only lower bounds:        0
   inequality constraints with lower and upper bounds:        0
        inequality constraints with only upper bounds:     1080

iter    objective    inf_pr   inf_du lg(mu)  ||d||  lg(rg) alpha_du alpha_pr  ls
   0  3.4254954e+01 1.13e-09 4.36e+02   0.0 0.00e+00    -  0.00e+00 0.00e+00   0
   1  1.8549280e-02 6.89e-09 8.38e+00  -4.9 1.01e-02   0.0 9.64e-01 9.81e-01f  1
   2  6.8376890e-04 6.97e-11 6.43e-03  -8.7 4.81e-04  -0.5 9.86e-01 1.00e+00h  1
   3  1.7194880e-04 2.22e-16 3.18e-03 -11.0 1.66e-04  -1.0 9.93e-01 1.00e+00h  1
   4  4.3261288e-05 2.22e-16 7.70e-04 -11.0 8.34e-05  -1.4 9.97e-01 1.00e+00f  1
   5  1.0844855e-05 2.22e-16 5.17e-07 -10.0 4.19e-05  -1.9 1.00e+00 1.00e+00f  1
   6  2.7088330e-06 2.22e-16 8.65e-08 -10.2 2.10e-05  -2.4 1.00e+00 1.00e+00h  1
   7  6.7601504e-07 2.22e-16 1.44e-08 -10.9 1.05e-05  -2.9 1.00e+00 1.00e+00h  1
   8  1.6850593e-07 2.22e-16 2.40e-09 -11.0 5.25e-06  -3.3 1.00e+00 1.00e+00h  1
   9  4.1986136e-08 2.22e-16 1.12e-09 -11.0 7.34e-06  -3.8 1.00e+00 1.00e+00h  1
iter    objective    inf_pr   inf_du lg(mu)  ||d||  lg(rg) alpha_du alpha_pr  ls
  10  1.0533535e-08 7.77e-16 1.12e-09 -11.0 2.20e-05  -4.3 1.00e+00 1.00e+00h  1

Number of Iterations....: 10

                                   (scaled)                 (unscaled)
Objective...............:   5.7604888035947502e-09    1.0533534806644212e-08
Dual infeasibility......:   1.1161937710796257e-09    2.0410535181128417e-09
Constraint violation....:   7.7715611723760958e-16    7.7715611723760958e-16
Complementarity.........:   2.8851908176170849e-09    5.2758123376986010e-09
Overall NLP error.......:   2.8851908176170849e-09    5.2758123376986010e-09


Number of objective function evaluations             = 11
Number of objective gradient evaluations             = 11
Number of equality constraint evaluations            = 11
Number of inequality constraint evaluations          = 11
Number of equality constraint Jacobian evaluations   = 11
Number of inequality constraint Jacobian evaluations = 11
Number of Lagrangian Hessian evaluations             = 10
Total CPU secs in IPOPT (w/o function evaluations)   =      0.214
Total CPU secs in NLP function evaluations           =      0.029

EXIT: Optimal Solution Found.
This is Ipopt version 3.12.13, running with linear solver mumps.
NOTE: Other linear solvers might be more efficient (see Ipopt documentation).

Number of nonzeros in equality constraint Jacobian...:     2592
Number of nonzeros in inequality constraint Jacobian.:     4604
Number of nonzeros in Lagrangian Hessian.............:     5862

Total number of variables............................:     1613
                     variables with only lower bounds:        0
                variables with lower and upper bounds:      965
                     variables with only upper bounds:        0
Total number of equality constraints.................:      432
Total number of inequality constraints...............:     1080
        inequality constraints with only lower bounds:        0
   inequality constraints with lower and upper bounds:        0
        inequality constraints with only upper bounds:     1080

iter    objective    inf_pr   inf_du lg(mu)  ||d||  lg(rg) alpha_du alpha_pr  ls
   0  3.7645100e+01 1.13e-09 4.36e+02   0.0 0.00e+00    -  0.00e+00 0.00e+00   0
   1  8.3504347e-02 6.55e-09 1.90e+01  -4.9 1.04e-02   0.0 9.64e-01 9.56e-01f  1
   2  1.4805642e-03 4.15e-10 9.27e-01  -7.7 7.60e-04  -0.5 9.81e-01 9.51e-01h  1
   3  2.6043614e-04 1.18e-14 4.60e-03 -11.0 1.49e-04  -1.0 9.90e-01 1.00e+00h  1
   4  6.5602101e-05 2.22e-16 1.58e-03 -11.0 6.68e-05  -1.4 9.95e-01 1.00e+00f  1
   5  1.6469142e-05 2.22e-16 2.23e-04 -10.0 3.36e-05  -1.9 9.99e-01 1.00e+00f  1
   6  4.1192367e-06 2.22e-16 6.94e-08 -10.0 1.69e-05  -2.4 1.00e+00 1.00e+00f  1
   7  1.0280330e-06 2.22e-16 1.16e-08 -10.7 8.45e-06  -2.9 1.00e+00 1.00e+00h  1
   8  2.5619791e-07 2.22e-16 1.93e-09 -11.0 4.22e-06  -3.3 1.00e+00 1.00e+00h  1
   9  6.3755684e-08 2.22e-16 1.12e-09 -11.0 7.34e-06  -3.8 1.00e+00 1.00e+00h  1
iter    objective    inf_pr   inf_du lg(mu)  ||d||  lg(rg) alpha_du alpha_pr  ls
  10  1.5902112e-08 7.77e-16 1.12e-09 -11.0 2.20e-05  -4.3 1.00e+00 1.00e+00h  1

Number of Iterations....: 10

                                   (scaled)                 (unscaled)
Objective...............:   8.6964101274489404e-09    1.5902112111245233e-08
Dual infeasibility......:   1.1161938355017891e-09    2.0410536359141469e-09
Constraint violation....:   7.7715611723760958e-16    7.7715611723760958e-16
Complementarity.........:   3.0455987078069644e-09    5.5691315597620215e-09
Overall NLP error.......:   3.0455987078069644e-09    5.5691315597620215e-09


Number of objective function evaluations             = 11
Number of objective gradient evaluations             = 11
Number of equality constraint evaluations            = 11
Number of inequality constraint evaluations          = 11
Number of equality constraint Jacobian evaluations   = 11
Number of inequality constraint Jacobian evaluations = 11
Number of Lagrangian Hessian evaluations             = 10
Total CPU secs in IPOPT (w/o function evaluations)   =      0.143
Total CPU secs in NLP function evaluations           =      0.029

EXIT: Optimal Solution Found.
This is Ipopt version 3.12.13, running with linear solver mumps.
NOTE: Other linear solvers might be more efficient (see Ipopt documentation).

Number of nonzeros in equality constraint Jacobian...:     2592
Number of nonzeros in inequality constraint Jacobian.:     4603
Number of nonzeros in Lagrangian Hessian.............:     5856

Total number of variables............................:     1612
                     variables with only lower bounds:        0
                variables with lower and upper bounds:      964
                     variables with only upper bounds:        0
Total number of equality constraints.................:      432
Total number of inequality constraints...............:     1080
        inequality constraints with only lower bounds:        0
   inequality constraints with lower and upper bounds:        0
        inequality constraints with only upper bounds:     1080

iter    objective    inf_pr   inf_du lg(mu)  ||d||  lg(rg) alpha_du alpha_pr  ls
   0  3.6254950e+01 1.13e-09 4.36e+02   0.0 0.00e+00    -  0.00e+00 0.00e+00   0
   1  1.8820707e-02 6.89e-09 8.38e+00  -4.9 1.01e-02   0.0 9.64e-01 9.81e-01f  1
   2  5.2543608e-04 2.14e-11 6.43e-03  -8.7 3.36e-04  -0.5 9.86e-01 1.00e+00h  1
   3  1.3194934e-04 2.22e-16 3.09e-03 -11.0 8.40e-05  -1.0 9.94e-01 1.00e+00h  1
   4  3.3189595e-05 2.22e-16 7.46e-04 -11.0 4.22e-05  -1.4 9.97e-01 1.00e+00f  1
   5  8.3177772e-06 2.22e-16 7.57e-06 -10.1 2.12e-05  -1.9 1.00e+00 1.00e+00f  1
   6  2.0770118e-06 2.22e-16 4.38e-08 -10.3 1.06e-05  -2.4 1.00e+00 1.00e+00f  1
   7  5.1798119e-07 2.22e-16 7.30e-09 -11.0 5.32e-06  -2.9 1.00e+00 1.00e+00h  1
   8  1.2896749e-07 2.22e-16 1.22e-09 -11.0 2.66e-06  -3.3 1.00e+00 1.00e+00h  1
   9  3.2086912e-08 2.22e-16 1.12e-09 -11.0 7.34e-06  -3.8 1.00e+00 1.00e+00h  1

Number of Iterations....: 9

                                   (scaled)                 (unscaled)
Objective...............:   1.7547413849997100e-08    3.2086911520458252e-08
Dual infeasibility......:   1.1185967960712948e-09    2.0454476499745657e-09
Constraint violation....:   2.2204460492503131e-16    2.2204460492503131e-16
Complementarity.........:   6.4570742853884187e-09    1.1807299528432711e-08
Overall NLP error.......:   6.4570742853884187e-09    1.1807299528432711e-08


Number of objective function evaluations             = 10
Number of objective gradient evaluations             = 10
Number of equality constraint evaluations            = 10
Number of inequality constraint evaluations          = 10
Number of equality constraint Jacobian evaluations   = 10
Number of inequality constraint Jacobian evaluations = 10
Number of Lagrangian Hessian evaluations             = 9
Total CPU secs in IPOPT (w/o function evaluations)   =      0.121
Total CPU secs in NLP function evaluations           =      0.026

EXIT: Optimal Solution Found.
This is Ipopt version 3.12.13, running with linear solver mumps.
NOTE: Other linear solvers might be more efficient (see Ipopt documentation).

Number of nonzeros in equality constraint Jacobian...:     2592
Number of nonzeros in inequality constraint Jacobian.:     4602
Number of nonzeros in Lagrangian Hessian.............:     5851

Total number of variables............................:     1611
                     variables with only lower bounds:        0
                variables with lower and upper bounds:      963
                     variables with only upper bounds:        0
Total number of equality constraints.................:      432
Total number of inequality constraints...............:     1080
        inequality constraints with only lower bounds:        0
   inequality constraints with lower and upper bounds:        0
        inequality constraints with only upper bounds:     1080

iter    objective    inf_pr   inf_du lg(mu)  ||d||  lg(rg) alpha_du alpha_pr  ls
   0  3.5559874e+01 1.13e-09 4.36e+02   0.0 0.00e+00    -  0.00e+00 0.00e+00   0
   1  1.7992204e-02 6.89e-09 8.38e+00  -4.9 1.01e-02   0.0 9.64e-01 9.81e-01f  1
   2  4.3050749e-04 2.14e-11 6.43e-03  -8.7 3.36e-04  -0.5 9.86e-01 1.00e+00h  1
   3  1.0802766e-04 2.22e-16 3.09e-03 -11.0 6.21e-05  -1.0 9.94e-01 1.00e+00h  1
   4  2.7171054e-05 2.22e-16 7.46e-04 -11.0 3.11e-05  -1.4 9.97e-01 1.00e+00f  1
   5  6.8086739e-06 2.22e-16 3.24e-05 -10.3 1.56e-05  -1.9 1.00e+00 1.00e+00f  1
   6  1.7001782e-06 2.22e-16 3.23e-08 -10.4 7.84e-06  -2.4 1.00e+00 1.00e+00f  1
   7  4.2385357e-07 2.22e-16 5.38e-09 -11.0 3.92e-06  -2.9 1.00e+00 1.00e+00h  1
   8  1.0547522e-07 2.22e-16 1.12e-09 -11.0 2.45e-06  -3.3 1.00e+00 1.00e+00h  1
   9  2.6231334e-08 2.22e-16 1.12e-09 -11.0 7.34e-06  -3.8 1.00e+00 1.00e+00h  1

Number of Iterations....: 9

                                   (scaled)                 (unscaled)
Objective...............:   1.4345166086555506e-08    2.6231334081498336e-08
Dual infeasibility......:   1.1185968036810111e-09    2.0454476638895676e-09
Constraint violation....:   2.2204460492503131e-16    2.2204460492503131e-16
Complementarity.........:   5.4964231928453510e-09    1.0050668786605986e-08
Overall NLP error.......:   5.4964231928453510e-09    1.0050668786605986e-08


Number of objective function evaluations             = 10
Number of objective gradient evaluations             = 10
Number of equality constraint evaluations            = 10
Number of inequality constraint evaluations          = 10
Number of equality constraint Jacobian evaluations   = 10
Number of inequality constraint Jacobian evaluations = 10
Number of Lagrangian Hessian evaluations             = 9
Total CPU secs in IPOPT (w/o function evaluations)   =      0.130
Total CPU secs in NLP function evaluations           =      0.023

EXIT: Optimal Solution Found.
This is Ipopt version 3.12.13, running with linear solver mumps.
NOTE: Other linear solvers might be more efficient (see Ipopt documentation).

Number of nonzeros in equality constraint Jacobian...:     2592
Number of nonzeros in inequality constraint Jacobian.:     4536
Number of nonzeros in Lagrangian Hessian.............:     5529

Total number of variables............................:     1545
                     variables with only lower bounds:        0
                variables with lower and upper bounds:      897
                     variables with only upper bounds:        0
Total number of equality constraints.................:      432
Total number of inequality constraints...............:     1080
        inequality constraints with only lower bounds:        0
   inequality constraints with lower and upper bounds:        0
        inequality constraints with only upper bounds:     1080

iter    objective    inf_pr   inf_du lg(mu)  ||d||  lg(rg) alpha_du alpha_pr  ls
   0  2.0407974e-10 1.13e-09 1.10e+00   0.0 0.00e+00    -  0.00e+00 0.00e+00   0
   1  2.0408542e-10 1.02e-06 3.82e-02  -5.1 2.59e-02  -2.0 9.63e-01 1.00e+00h  1
   2  2.0407571e-10 7.69e-12 4.64e-03 -11.0 5.14e-05  -2.5 9.90e-01 1.00e+00h  1
   3  2.0401570e-10 6.94e-16 2.22e-05 -11.0 1.51e-06  -3.0 9.95e-01 1.00e+00h  1
   4  2.0379622e-10 2.22e-16 2.04e-09 -11.0 5.51e-06  -3.4 1.00e+00 1.00e+00h  1

Number of Iterations....: 4

                                   (scaled)                 (unscaled)
Objective...............:   2.0379622173099149e-10    2.0379622173099149e-10
Dual infeasibility......:   2.0398500512019809e-09    2.0398500512019809e-09
Constraint violation....:   2.2204460492503131e-16    2.2204460492503131e-16
Complementarity.........:   1.3456141900164012e-10    1.3456141900164012e-10
Overall NLP error.......:   2.0398500512019809e-09    2.0398500512019809e-09


Number of objective function evaluations             = 5
Number of objective gradient evaluations             = 5
Number of equality constraint evaluations            = 5
Number of inequality constraint evaluations          = 5
Number of equality constraint Jacobian evaluations   = 5
Number of inequality constraint Jacobian evaluations = 5
Number of Lagrangian Hessian evaluations             = 4
Total CPU secs in IPOPT (w/o function evaluations)   =      0.089
Total CPU secs in NLP function evaluations           =      0.012

EXIT: Optimal Solution Found.
This is Ipopt version 3.12.13, running with linear solver mumps.
NOTE: Other linear solvers might be more efficient (see Ipopt documentation).

Number of nonzeros in equality constraint Jacobian...:     2592
Number of nonzeros in inequality constraint Jacobian.:     4536
Number of nonzeros in Lagrangian Hessian.............:     5529

Total number of variables............................:     1545
                     variables with only lower bounds:        0
                variables with lower and upper bounds:      897
                     variables with only upper bounds:        0
Total number of equality constraints.................:      432
Total number of inequality constraints...............:     1080
        inequality constraints with only lower bounds:        0
   inequality constraints with lower and upper bounds:        0
        inequality constraints with only upper bounds:     1080

iter    objective    inf_pr   inf_du lg(mu)  ||d||  lg(rg) alpha_du alpha_pr  ls
   0  2.0379622e-10 2.22e-16 1.10e+00   0.0 0.00e+00    -  0.00e+00 0.00e+00   0
   1  2.0380130e-10 6.14e-07 3.66e-02  -5.2 2.38e-02  -2.0 9.64e-01 1.00e+00h  1
   2  2.0379225e-10 3.55e-12 4.56e-03 -11.0 3.08e-05  -2.5 9.90e-01 1.00e+00h  1
   3  2.0373188e-10 4.16e-16 2.09e-05 -11.0 1.52e-06  -3.0 9.95e-01 1.00e+00h  1
   4  2.0351267e-10 2.22e-16 2.04e-09 -11.0 5.50e-06  -3.4 1.00e+00 1.00e+00h  1

Number of Iterations....: 4

                                   (scaled)                 (unscaled)
Objective...............:   2.0351266714852392e-10    2.0351266714852392e-10
Dual infeasibility......:   2.0387832362423888e-09    2.0387832362423888e-09
Constraint violation....:   2.2204460492503131e-16    2.2204460492503131e-16
Complementarity.........:   1.2098241264924109e-10    1.2098241264924109e-10
Overall NLP error.......:   2.0387832362423888e-09    2.0387832362423888e-09


Number of objective function evaluations             = 5
Number of objective gradient evaluations             = 5
Number of equality constraint evaluations            = 5
Number of inequality constraint evaluations          = 5
Number of equality constraint Jacobian evaluations   = 5
Number of inequality constraint Jacobian evaluations = 5
Number of Lagrangian Hessian evaluations             = 4
Total CPU secs in IPOPT (w/o function evaluations)   =      0.086
Total CPU secs in NLP function evaluations           =      0.012

EXIT: Optimal Solution Found.
